Flamer_NoFacebook/proguard/seeds.txt
com.facebook.widget.FacebookDialog$Builder
com.facebook.widget.FacebookDialog$Builder: android.app.Activity activity
com.facebook.widget.FacebookDialog$Builder: java.lang.String applicationId
com.facebook.widget.FacebookDialog$Builder: com.facebook.widget.FacebookDialog$PendingCall appCall
com.facebook.widget.FacebookDialog$Builder: android.support.v4.app.Fragment fragment
com.facebook.widget.FacebookDialog$Builder: java.lang.String applicationName
com.facebook.widget.FacebookDialog$Builder: FacebookDialog$Builder(android.app.Activity)
com.facebook.widget.FacebookDialog$Builder: com.facebook.widget.FacebookDialog$Builder setRequestCode(int)
com.facebook.widget.FacebookDialog$Builder: com.facebook.widget.FacebookDialog$Builder setApplicationName(java.lang.String)
com.facebook.widget.FacebookDialog$Builder: com.facebook.widget.FacebookDialog$Builder setFragment(android.support.v4.app.Fragment)
com.facebook.widget.FacebookDialog$Builder: com.facebook.widget.FacebookDialog build()
com.facebook.widget.FacebookDialog$Builder: boolean canPresent()
com.facebook.widget.FacebookDialog$Builder: boolean handleCanPresent()
com.facebook.widget.FacebookDialog$Builder: void validate()
com.facebook.widget.FacebookDialog$Builder: com.facebook.widget.FacebookDialog$OnPresentCallback getOnPresentCallback()
com.facebook.widget.FacebookDialog$Builder: android.content.Intent handleBuild(android.os.Bundle)
com.facebook.widget.FacebookDialog$Callback
com.facebook.widget.FacebookDialog$Callback: void onComplete(com.facebook.widget.FacebookDialog$PendingCall,android.os.Bundle)
com.facebook.widget.FacebookDialog$Callback: void onError(com.facebook.widget.FacebookDialog$PendingCall,java.lang.Exception,android.os.Bundle)
com.facebook.widget.FacebookDialog$DialogFeature
com.facebook.widget.FacebookDialog$DialogFeature: int getMinVersion()
com.facebook.widget.FacebookDialog$OnPresentCallback
com.facebook.widget.FacebookDialog$OnPresentCallback: void onPresent(android.content.Context)
com.facebook.widget.FacebookDialog$OpenGraphActionDialogBuilder
com.facebook.widget.FacebookDialog$OpenGraphActionDialogBuilder: java.lang.String previewPropertyName
com.facebook.widget.FacebookDialog$OpenGraphActionDialogBuilder: com.facebook.model.OpenGraphAction action
com.facebook.widget.FacebookDialog$OpenGraphActionDialogBuilder: java.lang.String actionType
com.facebook.widget.FacebookDialog$OpenGraphActionDialogBuilder: java.util.HashMap imageAttachments
com.facebook.widget.FacebookDialog$OpenGraphActionDialogBuilder: java.util.HashMap imageAttachmentFiles
com.facebook.widget.FacebookDialog$OpenGraphActionDialogBuilder: boolean dataErrorsFatal
com.facebook.widget.FacebookDialog$OpenGraphActionDialogBuilder: FacebookDialog$OpenGraphActionDialogBuilder(android.app.Activity,com.facebook.model.OpenGraphAction,java.lang.String,java.lang.String)
com.facebook.widget.FacebookDialog$OpenGraphActionDialogBuilder: FacebookDialog$OpenGraphActionDialogBuilder(android.app.Activity,com.facebook.model.OpenGraphAction,java.lang.String)
com.facebook.widget.FacebookDialog$OpenGraphActionDialogBuilder: com.facebook.widget.FacebookDialog$OpenGraphActionDialogBuilder setDataErrorsFatal(boolean)
com.facebook.widget.FacebookDialog$OpenGraphActionDialogBuilder: com.facebook.widget.FacebookDialog$OpenGraphActionDialogBuilder setImageAttachmentsForAction(java.util.List)
com.facebook.widget.FacebookDialog$OpenGraphActionDialogBuilder$1
com.facebook.widget.FacebookDialog$OpenGraphActionDialogBuilder$1: com.facebook.widget.FacebookDialog$OpenGraphActionDialogBuilder this$1
com.facebook.widget.FacebookDialog$OpenGraphActionDialogBuilder$1: FacebookDialog$OpenGraphActionDialogBuilder$1(com.facebook.widget.FacebookDialog$OpenGraphActionDialogBuilder)
com.facebook.widget.FacebookDialog$OpenGraphActionDialogBuilder$1: void onPresent(android.content.Context)