Flamer_NoFacebook/proguard/mapping.txt
com.appdupe.flamerapp.pojo.ImageDetail -> com.appdupe.flamerapp.a.n:
    int coulumid -> a
    java.lang.String userFacebookid -> b
    java.lang.String imageUrl -> c
    java.lang.String sdcardpath -> d
    int imageOrder -> e
    void setCoulumid(int) -> a
    java.lang.String getUserFacebookid() -> a
    void setUserFacebookid(java.lang.String) -> a
    java.lang.String getImageUrl() -> b
    void setImageUrl(java.lang.String) -> b
    java.lang.String getSdcardpath() -> c
    void setSdcardpath(java.lang.String) -> c
    int getImageOrder() -> d
    void setImageOrder(int) -> b
com.appdupe.flamerapp.pojo.InviteActionData -> com.appdupe.flamerapp.a.o:
    int errNum -> a
    int errFlag -> b
    java.lang.String errMsg -> c
    java.lang.String uName -> d
    java.lang.String uFbId -> e
    java.lang.String pPic -> f
    java.lang.String getuName() -> a
    java.lang.String getuFbId() -> b
    java.lang.String getpPic() -> c
    int getErrNum() -> d
    int getErrFlag() -> e
    java.lang.String getErrMsg() -> f
com.appdupe.flamerapp.pojo.LikeMatcheddataForListview -> com.appdupe.flamerapp.a.p:
    java.lang.String userName -> a
    java.lang.String facebookid -> b
    java.lang.String imageUrl -> c
    java.lang.String filePath -> d
    java.lang.String ladt -> e
    java.lang.String flag -> f
    java.lang.String getladt() -> a
    void setladt(java.lang.String) -> a
    java.lang.String getFlag() -> b
    void setFlag(java.lang.String) -> b
    java.lang.String getFilePath() -> c
    void setFilePath(java.lang.String) -> c
    java.lang.String getUserName() -> d
    void setUserName(java.lang.String) -> d
    java.lang.String getFacebookid() -> e
    void setFacebookid(java.lang.String) -> e
    java.lang.String getImageUrl() -> f
    void setImageUrl(java.lang.String) -> f
com.appdupe.flamerapp.pojo.LikedMatcheData -> com.appdupe.flamerapp.a.q:
    int errFlag -> a
    java.util.ArrayList likes -> b
    int getErrFlag() -> a
    java.util.ArrayList getLikes() -> b
com.appdupe.flamerapp.pojo.Likes -> com.appdupe.flamerapp.a.r:
    java.lang.String fbId -> a
    java.lang.String fName -> b
    java.lang.String ladt -> c
    java.lang.String pPic -> d
    int flag -> e
    java.lang.String getFbId() -> a
    void setFbId(java.lang.String) -> a
    java.lang.String getfName() -> b
    void setfName(java.lang.String) -> b
    java.lang.String getLadt() -> c
    void setLadt(java.lang.String) -> c
    java.lang.String getpPic() -> d
    void setpPic(java.lang.String) -> d
    int getFlag() -> e
    void setFlag(int) -> a
com.appdupe.flamerapp.pojo.ListviewAlubumData -> com.appdupe.flamerapp.a.s:
    java.lang.String alubumName -> a
    int PhotoCount -> b
    java.lang.String pickUrl -> c
    java.lang.String alubumid -> d
    int getPhotoCount() -> a
    void setPhotoCount(int) -> a
    java.lang.String getPickUrl() -> b
    void setPickUrl(java.lang.String) -> a
    java.lang.String getAlubumid() -> c
    void setAlubumid(java.lang.String) -> b
    java.lang.String getAlubumName() -> d
    void setAlubumName(java.lang.String) -> c
com.appdupe.flamerapp.pojo.Location -> com.appdupe.flamerapp.a.t:
    java.lang.String name -> a
    java.lang.String getName() -> a
com.appdupe.flamerapp.pojo.LogOutData -> com.appdupe.flamerapp.a.u:
    int errNum -> a
    int errFlag -> b
    java.lang.String errMsg -> c
    int getErrNum() -> a
    int getErrFlag() -> b
    java.lang.String getErrMsg() -> c